<?xml version="1.0" encoding="UTF-8"?>
<<<<<<< HEAD
<testsuite xmlns:xsi="http://www.w3.org/2001/XMLSchema-instance" xsi:noNamespaceSchemaLocation="https://maven.apache.org/surefire/maven-surefire-plugin/xsd/surefire-test-report-3.0.xsd" version="3.0" name="org.mps.selection.TournamentSelectionTest" time="0.085" tests="0" errors="0" skipped="0" failures="0">
=======
<testsuite xmlns:xsi="http://www.w3.org/2001/XMLSchema-instance" xsi:noNamespaceSchemaLocation="https://maven.apache.org/surefire/maven-surefire-plugin/xsd/surefire-test-report-3.0.xsd" version="3.0" name="org.mps.selection.TournamentSelectionTest" time="0.053" tests="0" errors="0" skipped="0" failures="0">
>>>>>>> 7b3d4b67ac368af6372ab35a01aa81c960497b30
  <properties>
    <property name="java.specification.version" value="23"/>
    <property name="sun.cpu.isalist" value="amd64"/>
    <property name="sun.jnu.encoding" value="Cp1252"/>
    <property name="java.class.path" value="C:\Users\Alejandro Cueto\Documents\GitHub\Practicas-MantenimientoYPruebasDelSoftware\Práctica4\target\test-classes;C:\Users\Alejandro Cueto\Documents\GitHub\Practicas-MantenimientoYPruebasDelSoftware\Práctica4\target\classes;C:\Users\Alejandro Cueto\.m2\repository\org\junit\jupiter\junit-jupiter\5.10.1\junit-jupiter-5.10.1.jar;C:\Users\Alejandro Cueto\.m2\repository\org\junit\jupiter\junit-jupiter-api\5.10.1\junit-jupiter-api-5.10.1.jar;C:\Users\Alejandro Cueto\.m2\repository\org\opentest4j\opentest4j\1.3.0\opentest4j-1.3.0.jar;C:\Users\Alejandro Cueto\.m2\repository\org\junit\platform\junit-platform-commons\1.10.1\junit-platform-commons-1.10.1.jar;C:\Users\Alejandro Cueto\.m2\repository\org\apiguardian\apiguardian-api\1.1.2\apiguardian-api-1.1.2.jar;C:\Users\Alejandro Cueto\.m2\repository\org\junit\jupiter\junit-jupiter-params\5.10.1\junit-jupiter-params-5.10.1.jar;C:\Users\Alejandro Cueto\.m2\repository\org\junit\jupiter\junit-jupiter-engine\5.10.1\junit-jupiter-engine-5.10.1.jar;C:\Users\Alejandro Cueto\.m2\repository\org\junit\platform\junit-platform-engine\1.10.1\junit-platform-engine-1.10.1.jar;C:\Users\Alejandro Cueto\.m2\repository\org\mockito\mockito-core\5.7.0\mockito-core-5.7.0.jar;C:\Users\Alejandro Cueto\.m2\repository\net\bytebuddy\byte-buddy\1.14.9\byte-buddy-1.14.9.jar;C:\Users\Alejandro Cueto\.m2\repository\net\bytebuddy\byte-buddy-agent\1.14.9\byte-buddy-agent-1.14.9.jar;C:\Users\Alejandro Cueto\.m2\repository\org\objenesis\objenesis\3.3\objenesis-3.3.jar;C:\Users\Alejandro Cueto\.m2\repository\org\mockito\mockito-junit-jupiter\5.7.0\mockito-junit-jupiter-5.7.0.jar;"/>
    <property name="java.vm.vendor" value="Oracle Corporation"/>
    <property name="sun.arch.data.model" value="64"/>
    <property name="user.variant" value=""/>
    <property name="java.vendor.url" value="https://java.oracle.com/"/>
    <property name="user.timezone" value="Europe/Madrid"/>
    <property name="os.name" value="Windows 10"/>
    <property name="java.vm.specification.version" value="23"/>
    <property name="sun.java.launcher" value="SUN_STANDARD"/>
    <property name="user.country" value="ES"/>
<<<<<<< HEAD
    <property name="sun.boot.library.path" value="C:\Program Files\Java\jdk-21\bin"/>
    <property name="sun.java.command" value="C:\Users\jesus\AppData\Local\Temp\surefire9308478667635425476\surefirebooter-20250410135049136_3.jar C:\Users\jesus\AppData\Local\Temp\surefire9308478667635425476 2025-04-10T13-50-49_000-jvmRun1 surefire-20250410135049136_1tmp surefire_0-20250410135049136_2tmp"/>
=======
    <property name="sun.boot.library.path" value="C:\Program Files\Java\jdk-23\bin"/>
    <property name="sun.java.command" value="C:\Users\Alejandro Cueto\AppData\Local\Temp\surefire14739640096369174746\surefirebooter-20250410135009264_3.jar C:\Users\Alejandro Cueto\AppData\Local\Temp\surefire14739640096369174746 2025-04-10T13-50-09_110-jvmRun1 surefire-20250410135009264_1tmp surefire_0-20250410135009264_2tmp"/>
>>>>>>> 7b3d4b67ac368af6372ab35a01aa81c960497b30
    <property name="jdk.debug" value="release"/>
    <property name="surefire.test.class.path" value="C:\Users\Alejandro Cueto\Documents\GitHub\Practicas-MantenimientoYPruebasDelSoftware\Práctica4\target\test-classes;C:\Users\Alejandro Cueto\Documents\GitHub\Practicas-MantenimientoYPruebasDelSoftware\Práctica4\target\classes;C:\Users\Alejandro Cueto\.m2\repository\org\junit\jupiter\junit-jupiter\5.10.1\junit-jupiter-5.10.1.jar;C:\Users\Alejandro Cueto\.m2\repository\org\junit\jupiter\junit-jupiter-api\5.10.1\junit-jupiter-api-5.10.1.jar;C:\Users\Alejandro Cueto\.m2\repository\org\opentest4j\opentest4j\1.3.0\opentest4j-1.3.0.jar;C:\Users\Alejandro Cueto\.m2\repository\org\junit\platform\junit-platform-commons\1.10.1\junit-platform-commons-1.10.1.jar;C:\Users\Alejandro Cueto\.m2\repository\org\apiguardian\apiguardian-api\1.1.2\apiguardian-api-1.1.2.jar;C:\Users\Alejandro Cueto\.m2\repository\org\junit\jupiter\junit-jupiter-params\5.10.1\junit-jupiter-params-5.10.1.jar;C:\Users\Alejandro Cueto\.m2\repository\org\junit\jupiter\junit-jupiter-engine\5.10.1\junit-jupiter-engine-5.10.1.jar;C:\Users\Alejandro Cueto\.m2\repository\org\junit\platform\junit-platform-engine\1.10.1\junit-platform-engine-1.10.1.jar;C:\Users\Alejandro Cueto\.m2\repository\org\mockito\mockito-core\5.7.0\mockito-core-5.7.0.jar;C:\Users\Alejandro Cueto\.m2\repository\net\bytebuddy\byte-buddy\1.14.9\byte-buddy-1.14.9.jar;C:\Users\Alejandro Cueto\.m2\repository\net\bytebuddy\byte-buddy-agent\1.14.9\byte-buddy-agent-1.14.9.jar;C:\Users\Alejandro Cueto\.m2\repository\org\objenesis\objenesis\3.3\objenesis-3.3.jar;C:\Users\Alejandro Cueto\.m2\repository\org\mockito\mockito-junit-jupiter\5.7.0\mockito-junit-jupiter-5.7.0.jar;"/>
    <property name="sun.cpu.endian" value="little"/>
    <property name="user.home" value="C:\Users\Alejandro Cueto"/>
    <property name="user.language" value="es"/>
    <property name="java.specification.vendor" value="Oracle Corporation"/>
    <property name="java.version.date" value="2025-01-21"/>
    <property name="java.home" value="C:\Program Files\Java\jdk-23"/>
    <property name="file.separator" value="\"/>
    <property name="basedir" value="C:\Users\Alejandro Cueto\Documents\GitHub\Practicas-MantenimientoYPruebasDelSoftware\Práctica4"/>
    <property name="java.vm.compressedOopsMode" value="Zero based"/>
    <property name="line.separator" value="&#10;"/>
    <property name="java.vm.specification.vendor" value="Oracle Corporation"/>
    <property name="java.specification.name" value="Java Platform API Specification"/>
<<<<<<< HEAD
    <property name="surefire.real.class.path" value="C:\Users\jesus\AppData\Local\Temp\surefire9308478667635425476\surefirebooter-20250410135049136_3.jar"/>
=======
    <property name="surefire.real.class.path" value="C:\Users\Alejandro Cueto\AppData\Local\Temp\surefire14739640096369174746\surefirebooter-20250410135009264_3.jar"/>
>>>>>>> 7b3d4b67ac368af6372ab35a01aa81c960497b30
    <property name="user.script" value=""/>
    <property name="sun.management.compiler" value="HotSpot 64-Bit Tiered Compilers"/>
    <property name="java.runtime.version" value="23.0.2+7-58"/>
    <property name="user.name" value="Alejandro Cueto"/>
    <property name="stdout.encoding" value="Cp1252"/>
    <property name="path.separator" value=";"/>
    <property name="os.version" value="10.0"/>
    <property name="java.runtime.name" value="Java(TM) SE Runtime Environment"/>
    <property name="file.encoding" value="UTF-8"/>
    <property name="java.vm.name" value="Java HotSpot(TM) 64-Bit Server VM"/>
    <property name="localRepository" value="C:\Users\Alejandro Cueto\.m2\repository"/>
    <property name="java.vendor.url.bug" value="https://bugreport.java.com/bugreport/"/>
    <property name="java.io.tmpdir" value="C:\Users\ALEJAN~1\AppData\Local\Temp\"/>
    <property name="java.version" value="23.0.2"/>
    <property name="user.dir" value="C:\Users\Alejandro Cueto\Documents\GitHub\Practicas-MantenimientoYPruebasDelSoftware\Práctica4"/>
    <property name="os.arch" value="amd64"/>
    <property name="java.vm.specification.name" value="Java Virtual Machine Specification"/>
    <property name="sun.os.patch.level" value=""/>
    <property name="native.encoding" value="Cp1252"/>
    <property name="java.library.path" value="C:\Program Files\Java\jdk-23\bin;C:\Windows\Sun\Java\bin;C:\Windows\system32;C:\Windows;C:\Program Files\Haskell\bin;C:\Program Files\Haskell Platform\8.6.5\lib\extralibs\bin;C:\Program Files\Haskell Platform\8.6.5\bin;C:\Program Files\Common Files\Oracle\Java\javapath;C:\Windows\system32;C:\Windows;C:\Windows\System32\Wbem;C:\Windows\System32\WindowsPowerShell\v1.0\;C:\Windows\System32\OpenSSH\;C:\Program Files\Haskell Platform\8.6.5\mingw\bin;C:\Program Files\dotnet\;C:\Program Files\Java\jdk-23\bin;C:\apache-maven-3.9.9\bin;C:\Program Files\nodejs\;C:\Users\Alejandro Cueto\AppData\Roaming\cabal\bin;C:\Users\Alejandro Cueto\AppData\Roaming\local\bin;C:\Users\Alejandro Cueto\AppData\Local\Microsoft\WindowsApps;C:\Users\Alejandro Cueto\AppData\Local\Programs\Microsoft VS Code\bin;C:\Users\Alejandro Cueto\AppData\Local\GitHubDesktop\bin;C:\Users\Alejandro Cueto\AppData\Roaming\npm;."/>
    <property name="java.vm.info" value="mixed mode, sharing"/>
    <property name="stderr.encoding" value="Cp1252"/>
    <property name="java.vendor" value="Oracle Corporation"/>
    <property name="java.vm.version" value="23.0.2+7-58"/>
    <property name="sun.io.unicode.encoding" value="UnicodeLittle"/>
    <property name="java.class.version" value="67.0"/>
  </properties>
</testsuite>