<?xml version="1.0" encoding="UTF-8"?>
<testsuite xmlns:xsi="http://www.w3.org/2001/XMLSchema-instance" xsi:noNamespaceSchemaLocation="https://maven.apache.org/surefire/maven-surefire-plugin/xsd/surefire-test-report.xsd" version="3.0.2" name="org.mps.ronqi2.RonQI2SilverTest" time="1.798" tests="20" errors="0" skipped="0" failures="0">
  <properties>
    <property name="java.specification.version" value="21"/>
    <property name="sun.cpu.isalist" value="amd64"/>
    <property name="sun.jnu.encoding" value="Cp1252"/>
    <property name="java.class.path" value="C:\Users\jesus\gitHubProjects\Practicas-MantenimientoYPruebasDelSoftware\Práctica3\target\test-classes;C:\Users\jesus\gitHubProjects\Practicas-MantenimientoYPruebasDelSoftware\Práctica3\target\classes;C:\Users\jesus\.m2\repository\org\junit\jupiter\junit-jupiter\5.10.1\junit-jupiter-5.10.1.jar;C:\Users\jesus\.m2\repository\org\junit\jupiter\junit-jupiter-api\5.10.1\junit-jupiter-api-5.10.1.jar;C:\Users\jesus\.m2\repository\org\opentest4j\opentest4j\1.3.0\opentest4j-1.3.0.jar;C:\Users\jesus\.m2\repository\org\junit\platform\junit-platform-commons\1.10.1\junit-platform-commons-1.10.1.jar;C:\Users\jesus\.m2\repository\org\apiguardian\apiguardian-api\1.1.2\apiguardian-api-1.1.2.jar;C:\Users\jesus\.m2\repository\org\junit\jupiter\junit-jupiter-params\5.10.1\junit-jupiter-params-5.10.1.jar;C:\Users\jesus\.m2\repository\org\junit\jupiter\junit-jupiter-engine\5.10.1\junit-jupiter-engine-5.10.1.jar;C:\Users\jesus\.m2\repository\org\junit\platform\junit-platform-engine\1.10.1\junit-platform-engine-1.10.1.jar;C:\Users\jesus\.m2\repository\org\mockito\mockito-core\5.16.0\mockito-core-5.16.0.jar;C:\Users\jesus\.m2\repository\net\bytebuddy\byte-buddy\1.15.11\byte-buddy-1.15.11.jar;C:\Users\jesus\.m2\repository\net\bytebuddy\byte-buddy-agent\1.15.11\byte-buddy-agent-1.15.11.jar;C:\Users\jesus\.m2\repository\org\objenesis\objenesis\3.3\objenesis-3.3.jar;C:\Users\jesus\.m2\repository\org\mockito\mockito-junit-jupiter\5.16.0\mockito-junit-jupiter-5.16.0.jar;"/>
    <property name="java.vm.vendor" value="Oracle Corporation"/>
    <property name="sun.arch.data.model" value="64"/>
    <property name="user.variant" value=""/>
    <property name="java.vendor.url" value="https://java.oracle.com/"/>
    <property name="user.timezone" value="Europe/Madrid"/>
    <property name="os.name" value="Windows 11"/>
    <property name="java.vm.specification.version" value="21"/>
    <property name="sun.java.launcher" value="SUN_STANDARD"/>
    <property name="user.country" value="ES"/>
    <property name="sun.boot.library.path" value="C:\Program Files\Java\jdk-21\bin"/>
    <property name="sun.java.command" value="C:\Users\jesus\AppData\Local\Temp\surefire9246606154952990051\surefirebooter-20250407113240043_3.jar C:\Users\jesus\AppData\Local\Temp\surefire9246606154952990051 2025-04-07T11-32-39_914-jvmRun1 surefire-20250407113240043_1tmp surefire_0-20250407113240043_2tmp"/>
    <property name="jdk.debug" value="release"/>
    <property name="surefire.test.class.path" value="C:\Users\jesus\gitHubProjects\Practicas-MantenimientoYPruebasDelSoftware\Práctica3\target\test-classes;C:\Users\jesus\gitHubProjects\Practicas-MantenimientoYPruebasDelSoftware\Práctica3\target\classes;C:\Users\jesus\.m2\repository\org\junit\jupiter\junit-jupiter\5.10.1\junit-jupiter-5.10.1.jar;C:\Users\jesus\.m2\repository\org\junit\jupiter\junit-jupiter-api\5.10.1\junit-jupiter-api-5.10.1.jar;C:\Users\jesus\.m2\repository\org\opentest4j\opentest4j\1.3.0\opentest4j-1.3.0.jar;C:\Users\jesus\.m2\repository\org\junit\platform\junit-platform-commons\1.10.1\junit-platform-commons-1.10.1.jar;C:\Users\jesus\.m2\repository\org\apiguardian\apiguardian-api\1.1.2\apiguardian-api-1.1.2.jar;C:\Users\jesus\.m2\repository\org\junit\jupiter\junit-jupiter-params\5.10.1\junit-jupiter-params-5.10.1.jar;C:\Users\jesus\.m2\repository\org\junit\jupiter\junit-jupiter-engine\5.10.1\junit-jupiter-engine-5.10.1.jar;C:\Users\jesus\.m2\repository\org\junit\platform\junit-platform-engine\1.10.1\junit-platform-engine-1.10.1.jar;C:\Users\jesus\.m2\repository\org\mockito\mockito-core\5.16.0\mockito-core-5.16.0.jar;C:\Users\jesus\.m2\repository\net\bytebuddy\byte-buddy\1.15.11\byte-buddy-1.15.11.jar;C:\Users\jesus\.m2\repository\net\bytebuddy\byte-buddy-agent\1.15.11\byte-buddy-agent-1.15.11.jar;C:\Users\jesus\.m2\repository\org\objenesis\objenesis\3.3\objenesis-3.3.jar;C:\Users\jesus\.m2\repository\org\mockito\mockito-junit-jupiter\5.16.0\mockito-junit-jupiter-5.16.0.jar;"/>
    <property name="sun.cpu.endian" value="little"/>
    <property name="user.home" value="C:\Users\jesus"/>
    <property name="user.language" value="es"/>
    <property name="java.specification.vendor" value="Oracle Corporation"/>
    <property name="java.version.date" value="2025-01-21"/>
    <property name="java.home" value="C:\Program Files\Java\jdk-21"/>
    <property name="file.separator" value="\"/>
    <property name="basedir" value="C:\Users\jesus\gitHubProjects\Practicas-MantenimientoYPruebasDelSoftware\Práctica3"/>
    <property name="java.vm.compressedOopsMode" value="Zero based"/>
    <property name="line.separator" value="&#10;"/>
    <property name="java.vm.specification.vendor" value="Oracle Corporation"/>
    <property name="java.specification.name" value="Java Platform API Specification"/>
    <property name="surefire.real.class.path" value="C:\Users\jesus\AppData\Local\Temp\surefire9246606154952990051\surefirebooter-20250407113240043_3.jar"/>
    <property name="user.script" value=""/>
    <property name="sun.management.compiler" value="HotSpot 64-Bit Tiered Compilers"/>
    <property name="java.runtime.version" value="21.0.6+8-LTS-188"/>
    <property name="user.name" value="jesus"/>
    <property name="stdout.encoding" value="Cp1252"/>
    <property name="path.separator" value=";"/>
    <property name="os.version" value="10.0"/>
    <property name="java.runtime.name" value="Java(TM) SE Runtime Environment"/>
    <property name="file.encoding" value="UTF-8"/>
    <property name="java.vm.name" value="Java HotSpot(TM) 64-Bit Server VM"/>
    <property name="localRepository" value="C:\Users\jesus\.m2\repository"/>
    <property name="java.vendor.url.bug" value="https://bugreport.java.com/bugreport/"/>
    <property name="java.io.tmpdir" value="C:\Users\jesus\AppData\Local\Temp\"/>
    <property name="java.version" value="21.0.6"/>
    <property name="user.dir" value="C:\Users\jesus\gitHubProjects\Practicas-MantenimientoYPruebasDelSoftware\Práctica3"/>
    <property name="os.arch" value="amd64"/>
    <property name="java.vm.specification.name" value="Java Virtual Machine Specification"/>
    <property name="sun.os.patch.level" value=""/>
    <property name="native.encoding" value="Cp1252"/>
    <property name="java.library.path" value="C:\Program Files\Java\jdk-21\bin;C:\WINDOWS\Sun\Java\bin;C:\WINDOWS\system32;C:\WINDOWS;C:\Program Files\Common Files\Oracle\Java\javapath;C:\Program Files (x86)\Common Files\Oracle\Java\java8path;C:\Program Files (x86)\Common Files\Oracle\Java\javapath;C:\WINDOWS\system32;C:\WINDOWS;C:\WINDOWS\System32\Wbem;C:\WINDOWS\System32\WindowsPowerShell\v1.0\;C:\WINDOWS\System32\OpenSSH\;C:\MinGW\mingw64\bin;C:\Program Files\Git\cmd;C:\Program Files (x86)\Microsoft SQL Server\160\Tools\Binn\;C:\Program Files\Microsoft SQL Server\160\Tools\Binn\;C:\Program Files\Microsoft SQL Server\Client SDK\ODBC\170\Tools\Binn\;C:\Program Files\Microsoft SQL Server\160\DTS\Binn\;C:\Program Files\dotnet\;C:\apache-maven-3.9.9\bin;C:\Program Files\Java\jdk-21\bin;C:\Program Files\nodejs\;C:\Users\jesus\AppData\Local\Programs\Python\Launcher\;C:\Users\jesus\AppData\Local\Microsoft\WindowsApps;C:\Users\jesus\AppData\Local\Programs\Microsoft VS Code\bin;C:\Users\jesus\AppData\Local\JetBrains\Toolbox\scripts;C:\Users\jesus\.dotnet\tools;C:\Users\jesus\AppData\Local\Microsoft\WindowsApps;C:\Users\jesus\AppData\Roaming\npm;c:\Users\jesus\AppData\Roaming\Code\User\globalStorage\github.copilot-chat\debugCommand;."/>
    <property name="java.vm.info" value="mixed mode, sharing"/>
    <property name="stderr.encoding" value="Cp1252"/>
    <property name="java.vendor" value="Oracle Corporation"/>
    <property name="java.vm.version" value="21.0.6+8-LTS-188"/>
    <property name="sun.io.unicode.encoding" value="UnicodeLittle"/>
    <property name="java.class.version" value="65.0"/>
  </properties>
  <testcase name="obtenerNuevaLectura_TamañoNoSuperado_AñadeCorrectamente" classname="org.mps.ronqi2.RonQI2SilverTest" time="1.531">
    <system-err><![CDATA[Mockito is currently self-attaching to enable the inline-mock-maker. This will no longer work in future releases of the JDK. Please add Mockito as an agent to your build as described in Mockito's documentation: https://javadoc.io/doc/org.mockito/mockito-core/latest/org/mockito/Mockito.html#0.3
WARNING: A Java agent has been loaded dynamically (C:\Users\jesus\.m2\repository\net\bytebuddy\byte-buddy-agent\1.15.11\byte-buddy-agent-1.15.11.jar)
WARNING: If a serviceability tool is in use, please run with -XX:+EnableDynamicAgentLoading to hide this warning
WARNING: If a serviceability tool is not in use, please run with -Djdk.instrument.traceUsage for more information
WARNING: Dynamic loading of agents will be disallowed by default in a future release
]]></system-err>
  </testcase>
  <testcase name="reconectar_whenEstaConectado_DevolverFalse" classname="org.mps.ronqi2.RonQI2SilverTest" time="0.015"/>
  <testcase name="evaluarApneaSuenyo_NoApneaEnProcesoSensorPresionMenor_DevuelveTrue" classname="org.mps.ronqi2.RonQI2SilverTest" time="0.008"/>
  <testcase name="estaConectado_DispositivoConectado_DevuelveTrue" classname="org.mps.ronqi2.RonQI2SilverTest" time="0.003"/>
  <testcase name="evaluarApneaSuenyo_NoApneaEnProcesoSensoresMenores_DevuelveTrue" classname="org.mps.ronqi2.RonQI2SilverTest" time="0.005"/>
  <testcase name="evaluarApneaSuenyo_ApneaEnProceso_DevuelveTrue" classname="org.mps.ronqi2.RonQI2SilverTest" time="0.005"/>
  <testcase name="ronqi2silver_nuevoRonQI2Silver_devuelveVerdadero" classname="org.mps.ronqi2.RonQI2SilverTest" time="0.022"/>
  <testcase name="reconectar_whenNoEstaConectadoYSensorSonido_DevolverFalse" classname="org.mps.ronqi2.RonQI2SilverTest" time="0.004"/>
  <testcase name="ronqi2silver_nuevoRonQI2Silver_devuelveFalsoConectarSensorSonido" classname="org.mps.ronqi2.RonQI2SilverTest" time="0.003"/>
  <testcase name="obtenerNuevaLectura_TamañoSuperado_AñadeCorrectamente" classname="org.mps.ronqi2.RonQI2SilverTest" time="0.004"/>
  <testcase name="ronqi2silver_nuevoRonQI2Silver_devuelveFalsoConectarSensorPresion" classname="org.mps.ronqi2.RonQI2SilverTest" time="0.003"/>
  <testcase name="reconectar_whenNoEstaConectadoYSensoresConectados_ConectarloYDevolverTrue" classname="org.mps.ronqi2.RonQI2SilverTest" time="0.003"/>
  <testcase name="estaConectado_DispositivoDesconectado_DevuelveTrue" classname="org.mps.ronqi2.RonQI2SilverTest" time="0.002"/>
  <testcase name="reconectar_whenNoEstaConectadoYSensorPresion_DevolverFalse" classname="org.mps.ronqi2.RonQI2SilverTest" time="0.002"/>
  <testcase name="ronqi2silver_nuevoRonQI2Silver_devuelveFalsoConfigurarSensorPresion" classname="org.mps.ronqi2.RonQI2SilverTest" time="0.003"/>
  <testcase name="ronqi2silver_nuevoRonQI2Silver_devuelveFalsoConfigurarSensorSonido" classname="org.mps.ronqi2.RonQI2SilverTest" time="0.002"/>
  <testcase name="evaluarApneaSuenyo_conDiferentesLecturas_apneaDetectada(int)[1]" classname="org.mps.ronqi2.RonQI2SilverTest" time="0.042"/>
  <testcase name="evaluarApneaSuenyo_conDiferentesLecturas_apneaDetectada(int)[2]" classname="org.mps.ronqi2.RonQI2SilverTest" time="0.004"/>
  <testcase name="evaluarApneaSuenyo_conDiferentesLecturas_apneaDetectada(int)[3]" classname="org.mps.ronqi2.RonQI2SilverTest" time="0.005"/>
  <testcase name="evaluarApneaSuenyo_NoApneaEnProcesoSensorSonidoMenor_DevuelveTrue" classname="org.mps.ronqi2.RonQI2SilverTest" time="0.003"/>
</testsuite>